2011-06-10 15:03:43 Debug: Notice (1024): Please change the value of 'Security.salt' in app/config/core.php to a salt value specific to your application in [C:\Arquivos de programas\VertrigoServ\www\MaisRevistaCultura\cake\libs\debugger.php, line 684]
2011-06-10 15:03:43 Debug: Notice (1024): Please change the value of 'Security.cipherSeed' in app/config/core.php to a numeric (digits only) seed value specific to your application in [C:\Arquivos de programas\VertrigoServ\www\MaisRevistaCultura\cake\libs\debugger.php, line 688]
<<<<<<< HEAD
2011-06-20 16:14:04 Debug: Notice (8): Undefined variable: A arte de fotografar pessoas e ruas   in [C:\Arquivos de programas\VertrigoServ\www\MaisRevistaCultura\app\views\pages\home.ctp, line 56]
2011-06-20 16:15:18 Debug: Notice (8): Undefined variable: A arte de fotografar pessoas e ruas   in [C:\Arquivos de programas\VertrigoServ\www\MaisRevistaCultura\app\views\pages\home.ctp, line 56]
2011-06-20 16:47:03 Debug: Notice (8): Array to string conversion in [C:\Arquivos de programas\VertrigoServ\www\MaisRevistaCultura\cake\libs\model\datasources\dbo_source.php, line 2373]
2011-06-21 09:12:32 Debug: Notice (8): Undefined index:  sutTitulo in [C:\Arquivos de programas\VertrigoServ\www\MaisRevistaCultura\app\views\pages\home.ctp, line 9]
=======
2011-06-15 11:06:14 Debug: Notice (8): Undefined variable: artigo in [C:\Documents and Settings\Amanda\Desktop\VertrigoServ\www\MaisRevistaCultura\app\views\pages\artigo.ctp, line 86]
2011-06-15 11:07:35 Debug: Notice (8): Undefined variable: artigo in [C:\Documents and Settings\Amanda\Desktop\VertrigoServ\www\MaisRevistaCultura\app\views\pages\artigo.ctp, line 86]
2011-06-15 11:07:49 Debug: Notice (8): Undefined variable: artigo in [C:\Documents and Settings\Amanda\Desktop\VertrigoServ\www\MaisRevistaCultura\app\views\pages\artigo.ctp, line 85]
2011-06-15 11:08:03 Debug: Notice (8): Undefined variable: artigo in [C:\Documents and Settings\Amanda\Desktop\VertrigoServ\www\MaisRevistaCultura\app\views\pages\artigo.ctp, line 85]
2011-06-15 11:08:11 Debug: Notice (8): Undefined variable: artigo in [C:\Documents and Settings\Amanda\Desktop\VertrigoServ\www\MaisRevistaCultura\app\views\pages\artigo.ctp, line 85]
2011-06-15 11:08:18 Debug: Notice (8): Undefined variable: artigo in [C:\Documents and Settings\Amanda\Desktop\VertrigoServ\www\MaisRevistaCultura\app\views\pages\artigo.ctp, line 85]
2011-06-15 11:08:51 Debug: Notice (8): Undefined variable: artigo in [C:\Documents and Settings\Amanda\Desktop\VertrigoServ\www\MaisRevistaCultura\app\views\pages\artigo.ctp, line 85]
2011-06-15 11:09:04 Debug: Notice (8): Undefined variable: artigo in [C:\Documents and Settings\Amanda\Desktop\VertrigoServ\www\MaisRevistaCultura\app\views\pages\artigo.ctp, line 85]
2011-06-15 11:09:12 Debug: Notice (8): Undefined variable: artigo in [C:\Documents and Settings\Amanda\Desktop\VertrigoServ\www\MaisRevistaCultura\app\views\pages\artigo.ctp, line 85]
2011-06-15 11:09:22 Debug: Notice (8): Undefined variable: artigo in [C:\Documents and Settings\Amanda\Desktop\VertrigoServ\www\MaisRevistaCultura\app\views\pages\artigo.ctp, line 85]
2011-06-15 11:09:39 Debug: Notice (8): Undefined variable: artigo in [C:\Documents and Settings\Amanda\Desktop\VertrigoServ\www\MaisRevistaCultura\app\views\pages\artigo.ctp, line 85]
2011-06-15 11:09:51 Debug: Notice (8): Undefined variable: artigo in [C:\Documents and Settings\Amanda\Desktop\VertrigoServ\www\MaisRevistaCultura\app\views\pages\artigo.ctp, line 85]
2011-06-15 11:09:58 Debug: Notice (8): Undefined variable: artigo in [C:\Documents and Settings\Amanda\Desktop\VertrigoServ\www\MaisRevistaCultura\app\views\pages\artigo.ctp, line 85]
2011-06-15 11:10:08 Debug: Notice (8): Undefined variable: artigo in [C:\Documents and Settings\Amanda\Desktop\VertrigoServ\www\MaisRevistaCultura\app\views\pages\artigo.ctp, line 85]
2011-06-15 11:10:15 Debug: Notice (8): Undefined variable: artigo in [C:\Documents and Settings\Amanda\Desktop\VertrigoServ\www\MaisRevistaCultura\app\views\pages\artigo.ctp, line 85]
2011-06-15 11:10:28 Debug: Notice (8): Undefined variable: artigo in [C:\Documents and Settings\Amanda\Desktop\VertrigoServ\www\MaisRevistaCultura\app\views\pages\artigo.ctp, line 85]
2011-06-15 11:10:38 Debug: Notice (8): Undefined variable: artigo in [C:\Documents and Settings\Amanda\Desktop\VertrigoServ\www\MaisRevistaCultura\app\views\pages\artigo.ctp, line 85]
2011-06-15 11:10:45 Debug: Notice (8): Undefined variable: artigo in [C:\Documents and Settings\Amanda\Desktop\VertrigoServ\www\MaisRevistaCultura\app\views\pages\artigo.ctp, line 85]
2011-06-15 11:11:06 Debug: Notice (8): Undefined variable: artigo in [C:\Documents and Settings\Amanda\Desktop\VertrigoServ\www\MaisRevistaCultura\app\views\pages\artigo.ctp, line 85]
2011-06-15 11:12:20 Debug: Notice (8): Undefined variable: artigo in [C:\Documents and Settings\Amanda\Desktop\VertrigoServ\www\MaisRevistaCultura\app\views\pages\artigo.ctp, line 85]
2011-06-15 11:12:33 Debug: Notice (8): Undefined variable: artigo in [C:\Documents and Settings\Amanda\Desktop\VertrigoServ\www\MaisRevistaCultura\app\views\pages\artigo.ctp, line 85]
2011-06-15 11:12:36 Debug: Notice (8): Undefined variable: artigo in [C:\Documents and Settings\Amanda\Desktop\VertrigoServ\www\MaisRevistaCultura\app\views\pages\artigo.ctp, line 85]
2011-06-15 11:12:46 Debug: Notice (8): Undefined variable: artigo in [C:\Documents and Settings\Amanda\Desktop\VertrigoServ\www\MaisRevistaCultura\app\views\pages\artigo.ctp, line 85]
2011-06-15 11:12:59 Debug: Notice (8): Undefined variable: artigo in [C:\Documents and Settings\Amanda\Desktop\VertrigoServ\www\MaisRevistaCultura\app\views\pages\artigo.ctp, line 85]
2011-06-15 11:13:13 Debug: Notice (8): Undefined variable: artigo in [C:\Documents and Settings\Amanda\Desktop\VertrigoServ\www\MaisRevistaCultura\app\views\pages\artigo.ctp, line 85]
2011-06-15 11:13:30 Debug: Notice (8): Undefined variable: artigo in [C:\Documents and Settings\Amanda\Desktop\VertrigoServ\www\MaisRevistaCultura\app\views\pages\artigo.ctp, line 85]
2011-06-15 11:13:57 Debug: Notice (8): Undefined variable: artigo in [C:\Documents and Settings\Amanda\Desktop\VertrigoServ\www\MaisRevistaCultura\app\views\pages\artigo.ctp, line 85]
2011-06-15 11:14:14 Debug: Notice (8): Undefined variable: artigo in [C:\Documents and Settings\Amanda\Desktop\VertrigoServ\www\MaisRevistaCultura\app\views\pages\artigo.ctp, line 85]
2011-06-15 11:14:20 Debug: Notice (8): Undefined variable: artigo in [C:\Documents and Settings\Amanda\Desktop\VertrigoServ\www\MaisRevistaCultura\app\views\pages\artigo.ctp, line 85]
2011-06-15 11:14:34 Debug: Notice (8): Undefined variable: artigo in [C:\Documents and Settings\Amanda\Desktop\VertrigoServ\www\MaisRevistaCultura\app\views\pages\artigo.ctp, line 85]
2011-06-15 11:14:43 Debug: Notice (8): Undefined variable: artigo in [C:\Documents and Settings\Amanda\Desktop\VertrigoServ\www\MaisRevistaCultura\app\views\pages\artigo.ctp, line 85]
2011-06-15 11:14:50 Debug: Notice (8): Undefined variable: artigo in [C:\Documents and Settings\Amanda\Desktop\VertrigoServ\www\MaisRevistaCultura\app\views\pages\artigo.ctp, line 85]
2011-06-15 11:14:56 Debug: Notice (8): Undefined variable: artigo in [C:\Documents and Settings\Amanda\Desktop\VertrigoServ\www\MaisRevistaCultura\app\views\pages\artigo.ctp, line 85]
2011-06-15 11:15:02 Debug: Notice (8): Undefined variable: artigo in [C:\Documents and Settings\Amanda\Desktop\VertrigoServ\www\MaisRevistaCultura\app\views\pages\artigo.ctp, line 85]
2011-06-15 11:15:06 Debug: Notice (8): Undefined variable: artigo in [C:\Documents and Settings\Amanda\Desktop\VertrigoServ\www\MaisRevistaCultura\app\views\pages\artigo.ctp, line 85]
2011-06-15 11:15:10 Debug: Notice (8): Undefined variable: artigo in [C:\Documents and Settings\Amanda\Desktop\VertrigoServ\www\MaisRevistaCultura\app\views\pages\artigo.ctp, line 85]
2011-06-15 11:15:11 Debug: Notice (8): Undefined variable: artigo in [C:\Documents and Settings\Amanda\Desktop\VertrigoServ\www\MaisRevistaCultura\app\views\pages\artigo.ctp, line 85]
>>>>>>> e99ff446613d8cb14d24d7fbb4697477847e8d31
2011-06-21 10:06:23 Debug: Notice (8): Undefined variable: A arte de fotografar pessoas e ruas   in [C:\Arquivos de programas\VertrigoServ\www\MaisRevistaCultura\app\views\pages\home.ctp, line 154]
2011-06-21 10:06:23 Debug: Notice (8): Undefined variable: A verdade de Christiane Forcinito  in [C:\Arquivos de programas\VertrigoServ\www\MaisRevistaCultura\app\views\pages\home.ctp, line 155]
2011-06-21 10:38:30 Debug: Notice (8): Array to string conversion in [C:\Arquivos de programas\VertrigoServ\www\MaisRevistaCultura\cake\libs\model\datasources\dbo_source.php, line 2373]
2011-06-21 10:38:52 Debug: Notice (8): Array to string conversion in [C:\Arquivos de programas\VertrigoServ\www\MaisRevistaCultura\cake\libs\model\datasources\dbo_source.php, line 2373]
2011-06-21 10:46:51 Debug: Notice (8): Undefined index:  Artigo in [C:\Arquivos de programas\VertrigoServ\www\MaisRevistaCultura\app\views\pages\home.ctp, line 154]
2011-06-21 10:46:51 Debug: Notice (8): Undefined index:  Artigo in [C:\Arquivos de programas\VertrigoServ\www\MaisRevistaCultura\app\views\pages\home.ctp, line 155]
2011-06-21 10:47:47 Debug: Notice (8): Undefined index:  Artigo in [C:\Arquivos de programas\VertrigoServ\www\MaisRevistaCultura\app\views\pages\home.ctp, line 154]
2011-06-21 10:47:47 Debug: Notice (8): Undefined index:  Artigo in [C:\Arquivos de programas\VertrigoServ\www\MaisRevistaCultura\app\views\pages\home.ctp, line 155]
2011-06-21 10:49:11 Debug: Notice (8): Undefined index:  Artigo in [C:\Arquivos de programas\VertrigoServ\www\MaisRevistaCultura\app\views\pages\home.ctp, line 154]
2011-06-21 10:49:11 Debug: Notice (8): Undefined index:  Artigo in [C:\Arquivos de programas\VertrigoServ\www\MaisRevistaCultura\app\views\pages\home.ctp, line 155]
2011-06-21 10:50:13 Debug: Notice (8): Undefined index:  Artigo in [C:\Arquivos de programas\VertrigoServ\www\MaisRevistaCultura\app\views\pages\home.ctp, line 155]
2011-06-21 10:50:13 Debug: Notice (8): Undefined index:  Artigo in [C:\Arquivos de programas\VertrigoServ\www\MaisRevistaCultura\app\views\pages\home.ctp, line 156]
2011-06-21 10:55:29 Debug: Notice (8): Undefined index:  Artigo in [C:\Arquivos de programas\VertrigoServ\www\MaisRevistaCultura\app\views\pages\home.ctp, line 132]
2011-06-21 10:55:29 Debug: Notice (8): Undefined index:  Artigo in [C:\Arquivos de programas\VertrigoServ\www\MaisRevistaCultura\app\views\pages\home.ctp, line 133]
2011-06-21 10:56:16 Debug: Notice (8): Undefined index:  Artigo in [C:\Arquivos de programas\VertrigoServ\www\MaisRevistaCultura\app\views\pages\home.ctp, line 132]
2011-06-21 10:56:16 Debug: Notice (8): Undefined index:  Artigo in [C:\Arquivos de programas\VertrigoServ\www\MaisRevistaCultura\app\views\pages\home.ctp, line 133]
2011-06-21 10:57:44 Debug: Notice (8): Undefined index:  Artigo in [C:\Arquivos de programas\VertrigoServ\www\MaisRevistaCultura\app\views\pages\home.ctp, line 132]
2011-06-21 10:57:44 Debug: Notice (8): Undefined index:  Artigo in [C:\Arquivos de programas\VertrigoServ\www\MaisRevistaCultura\app\views\pages\home.ctp, line 133]
2011-06-21 13:55:46 Debug: Notice (8): Undefined index:  Artigo in [C:\Arquivos de programas\VertrigoServ\www\MaisRevistaCultura\app\views\pages\home.ctp, line 189]
2011-06-21 15:44:08 Debug: Notice (8): Undefined variable: listarFilosofia in [C:\Arquivos de programas\VertrigoServ\www\MaisRevistaCultura\app\views\layouts\default.ctp, line 125]
2011-06-21 15:45:34 Debug: Notice (8): Undefined variable: listarFilosofia in [C:\Arquivos de programas\VertrigoServ\www\MaisRevistaCultura\app\views\layouts\default.ctp, line 125]
2011-06-21 15:46:24 Debug: Notice (8): Undefined variable: listarFilosofia in [C:\Arquivos de programas\VertrigoServ\www\MaisRevistaCultura\app\views\layouts\default.ctp, line 125]
2011-06-21 15:48:21 Debug: Notice (8): Undefined variable: mostrarLivrosListaImg in [C:\Arquivos de programas\VertrigoServ\www\MaisRevistaCultura\app\views\pages\home.ctp, line 103]
2011-06-21 15:50:43 Debug: Notice (8): Undefined variable: mostrarLivrosListaImg in [C:\Arquivos de programas\VertrigoServ\www\MaisRevistaCultura\app\controllers\artigos_controller.php, line 229]
2011-06-21 15:55:26 Debug: Notice (8): Undefined variable: mostrarTeatroDancaComImg in [C:\Arquivos de programas\VertrigoServ\www\MaisRevistaCultura\app\views\pages\home.ctp, line 106]
2011-06-21 15:55:52 Debug: Notice (8): Undefined variable: mostrarTeatroDancaComImg in [C:\Arquivos de programas\VertrigoServ\www\MaisRevistaCultura\app\views\pages\home.ctp, line 106]
2011-06-21 16:02:26 Debug: Notice (8): Undefined index:  id in [C:\Arquivos de programas\VertrigoServ\www\MaisRevistaCultura\app\views\pages\home.ctp, line 178]
2011-06-21 16:02:49 Debug: Notice (8): Undefined index:  id in [C:\Arquivos de programas\VertrigoServ\www\MaisRevistaCultura\app\views\pages\home.ctp, line 176]
2011-06-21 16:36:51 Debug: Notice (8): Undefined index:  Artigo in [C:\Arquivos de programas\VertrigoServ\www\MaisRevistaCultura\app\views\pages\home.ctp, line 139]
2011-06-21 16:36:51 Debug: Notice (8): Undefined index:  Artigo in [C:\Arquivos de programas\VertrigoServ\www\MaisRevistaCultura\app\views\pages\home.ctp, line 140]
2011-06-21 16:37:46 Debug: Notice (8): Undefined index:  Artigo in [C:\Arquivos de programas\VertrigoServ\www\MaisRevistaCultura\app\views\pages\home.ctp, line 139]
2011-06-21 16:37:46 Debug: Notice (8): Undefined index:  Artigo in [C:\Arquivos de programas\VertrigoServ\www\MaisRevistaCultura\app\views\pages\home.ctp, line 140]
2011-06-21 16:40:05 Debug: Notice (8): Undefined index:  Artigo in [C:\Arquivos de programas\VertrigoServ\www\MaisRevistaCultura\app\views\pages\home.ctp, line 139]
2011-06-21 16:40:05 Debug: Notice (8): Undefined index:  Artigo in [C:\Arquivos de programas\VertrigoServ\www\MaisRevistaCultura\app\views\pages\home.ctp, line 140]
2011-06-21 16:41:41 Debug: Notice (8): Undefined index:  Artigo in [C:\Arquivos de programas\VertrigoServ\www\MaisRevistaCultura\app\views\pages\home.ctp, line 140]
2011-06-21 16:41:41 Debug: Notice (8): Undefined index:  Artigo in [C:\Arquivos de programas\VertrigoServ\www\MaisRevistaCultura\app\views\pages\home.ctp, line 141]
2011-06-22 15:22:09 Debug: Notice (8): Undefined index:  id in [C:\Arquivos de programas\VertrigoServ\www\MaisRevistaCultura\app\views\pages\home.ctp, line 72]
2011-06-22 15:36:04 Debug: Notice (8): Undefined index:  id in [C:\Arquivos de programas\VertrigoServ\www\MaisRevistaCultura\app\views\pages\home.ctp, line 149]
2011-06-22 15:36:52 Debug: Notice (8): Undefined index:  id in [C:\Arquivos de programas\VertrigoServ\www\MaisRevistaCultura\app\views\pages\home.ctp, line 149]
2011-06-22 16:15:08 Debug: Notice (8): Undefined variable: mostrarTeatroDancaComImg in [C:\Arquivos de programas\VertrigoServ\www\MaisRevistaCultura\app\views\pages\home.ctp, line 16]
2011-06-22 16:35:35 Debug: Notice (8): Undefined index:  Artigo in [C:\Arquivos de programas\VertrigoServ\www\MaisRevistaCultura\app\views\pages\home.ctp, line 152]
2011-06-22 16:35:35 Debug: Notice (8): Undefined index:  Artigo in [C:\Arquivos de programas\VertrigoServ\www\MaisRevistaCultura\app\views\pages\home.ctp, line 153]
2011-06-22 16:36:28 Debug: Notice (8): Undefined offset:  0 in [C:\Arquivos de programas\VertrigoServ\www\MaisRevistaCultura\app\views\pages\home.ctp, line 152]
2011-06-22 16:36:28 Debug: Notice (8): Undefined offset:  0 in [C:\Arquivos de programas\VertrigoServ\www\MaisRevistaCultura\app\views\pages\home.ctp, line 153]
2011-06-22 16:37:24 Debug: Notice (8): Undefined index:  Artigo in [C:\Arquivos de programas\VertrigoServ\www\MaisRevistaCultura\app\views\pages\home.ctp, line 153]
2011-06-22 16:37:24 Debug: Notice (8): Undefined index:  Artigo in [C:\Arquivos de programas\VertrigoServ\www\MaisRevistaCultura\app\views\pages\home.ctp, line 154]
2011-06-22 16:40:45 Debug: Notice (8): Undefined index:  Artigo in [C:\Arquivos de programas\VertrigoServ\www\MaisRevistaCultura\app\views\pages\home.ctp, line 153]
2011-06-22 16:40:45 Debug: Notice (8): Undefined index:  Artigo in [C:\Arquivos de programas\VertrigoServ\www\MaisRevistaCultura\app\views\pages\home.ctp, line 154]
2011-06-22 16:41:30 Debug: Notice (8): Undefined index:  Artigo in [C:\Arquivos de programas\VertrigoServ\www\MaisRevistaCultura\app\views\pages\home.ctp, line 153]
2011-06-22 16:41:30 Debug: Notice (8): Undefined index:  Artigo in [C:\Arquivos de programas\VertrigoServ\www\MaisRevistaCultura\app\views\pages\home.ctp, line 154]
2011-06-22 16:43:17 Debug: Notice (8): Undefined index:  Artigo in [C:\Arquivos de programas\VertrigoServ\www\MaisRevistaCultura\app\views\pages\home.ctp, line 153]
2011-06-22 16:43:17 Debug: Notice (8): Undefined index:  Artigo in [C:\Arquivos de programas\VertrigoServ\www\MaisRevistaCultura\app\views\pages\home.ctp, line 154]
2011-06-22 16:44:19 Debug: Notice (8): Undefined index:  id in [C:\Arquivos de programas\VertrigoServ\www\MaisRevistaCultura\app\views\pages\home.ctp, line 152]
2011-06-22 16:44:19 Debug: Notice (8): Undefined index:  id in [C:\Arquivos de programas\VertrigoServ\www\MaisRevistaCultura\app\views\pages\home.ctp, line 153]
2011-06-22 16:46:45 Debug: Notice (8): Undefined index:  Artigo in [C:\Arquivos de programas\VertrigoServ\www\MaisRevistaCultura\app\views\pages\home.ctp, line 167]
2011-06-22 16:46:45 Debug: Notice (8): Undefined index:  Artigo in [C:\Arquivos de programas\VertrigoServ\www\MaisRevistaCultura\app\views\pages\home.ctp, line 168]
2011-06-22 16:48:50 Debug: Notice (8): Undefined index:  id in [C:\Arquivos de programas\VertrigoServ\www\MaisRevistaCultura\app\views\pages\home.ctp, line 167]
2011-06-22 16:48:50 Debug: Notice (8): Undefined index:  id in [C:\Arquivos de programas\VertrigoServ\www\MaisRevistaCultura\app\views\pages\home.ctp, line 168]
2011-06-22 17:01:55 Debug: Notice (8): Undefined index:  id in [C:\Arquivos de programas\VertrigoServ\www\MaisRevistaCultura\app\views\layouts\default.ctp, line 126]
2011-06-27 10:57:43 Debug: Notice (8): Undefined variable: destaque in [C:\Arquivos de programas\VertrigoServ\www\MaisRevistaCultura\app\views\editorias\ver.ctp, line 34]
2011-06-27 10:57:43 Debug: Notice (8): Undefined variable: destaque in [C:\Arquivos de programas\VertrigoServ\www\MaisRevistaCultura\app\views\editorias\ver.ctp, line 37]
2011-06-27 10:57:43 Debug: Notice (8): Undefined variable: destaque in [C:\Arquivos de programas\VertrigoServ\www\MaisRevistaCultura\app\views\editorias\ver.ctp, line 38]
2011-06-27 10:58:40 Debug: Notice (8): Undefined variable: destaque in [C:\Arquivos de programas\VertrigoServ\www\MaisRevistaCultura\app\views\editorias\ver.ctp, line 35]
2011-06-27 10:58:40 Debug: Notice (8): Undefined variable: destaque in [C:\Arquivos de programas\VertrigoServ\www\MaisRevistaCultura\app\views\editorias\ver.ctp, line 36]
2011-06-27 10:59:04 Debug: Notice (8): Undefined variable: destaque in [C:\Arquivos de programas\VertrigoServ\www\MaisRevistaCultura\app\views\editorias\ver.ctp, line 35]
2011-06-27 10:59:04 Debug: Notice (8): Undefined variable: destaque in [C:\Arquivos de programas\VertrigoServ\www\MaisRevistaCultura\app\views\editorias\ver.ctp, line 36]
2011-06-27 10:59:04 Debug: Notice (8): Undefined variable: destaque in [C:\Arquivos de programas\VertrigoServ\www\MaisRevistaCultura\app\views\editorias\ver.ctp, line 45]
2011-06-27 10:59:04 Debug: Notice (8): Undefined variable: destaque in [C:\Arquivos de programas\VertrigoServ\www\MaisRevistaCultura\app\views\editorias\ver.ctp, line 46]
2011-06-27 11:00:02 Debug: Notice (8): Undefined variable: destaque in [C:\Arquivos de programas\VertrigoServ\www\MaisRevistaCultura\app\views\editorias\ver.ctp, line 35]
2011-06-27 11:00:02 Debug: Notice (8): Undefined variable: destaque in [C:\Arquivos de programas\VertrigoServ\www\MaisRevistaCultura\app\views\editorias\ver.ctp, line 36]
2011-06-27 11:00:02 Debug: Notice (8): Undefined variable: destaque in [C:\Arquivos de programas\VertrigoServ\www\MaisRevistaCultura\app\views\editorias\ver.ctp, line 45]
2011-06-27 11:00:02 Debug: Notice (8): Undefined variable: destaque in [C:\Arquivos de programas\VertrigoServ\www\MaisRevistaCultura\app\views\editorias\ver.ctp, line 46]
2011-06-27 11:00:17 Debug: Notice (8): Undefined variable: destaque in [C:\Arquivos de programas\VertrigoServ\www\MaisRevistaCultura\app\views\editorias\ver.ctp, line 35]
2011-06-27 11:00:17 Debug: Notice (8): Undefined variable: destaque in [C:\Arquivos de programas\VertrigoServ\www\MaisRevistaCultura\app\views\editorias\ver.ctp, line 36]
2011-06-27 11:00:17 Debug: Notice (8): Undefined variable: destaque in [C:\Arquivos de programas\VertrigoServ\www\MaisRevistaCultura\app\views\editorias\ver.ctp, line 45]
2011-06-27 11:00:17 Debug: Notice (8): Undefined variable: destaque in [C:\Arquivos de programas\VertrigoServ\www\MaisRevistaCultura\app\views\editorias\ver.ctp, line 46]
2011-06-27 11:00:34 Debug: Notice (8): Undefined variable: destaque in [C:\Arquivos de programas\VertrigoServ\www\MaisRevistaCultura\app\views\editorias\ver.ctp, line 35]
2011-06-27 11:00:34 Debug: Notice (8): Undefined variable: destaque in [C:\Arquivos de programas\VertrigoServ\www\MaisRevistaCultura\app\views\editorias\ver.ctp, line 36]
2011-06-27 11:00:34 Debug: Notice (8): Undefined variable: destaque in [C:\Arquivos de programas\VertrigoServ\www\MaisRevistaCultura\app\views\editorias\ver.ctp, line 45]
2011-06-27 11:00:34 Debug: Notice (8): Undefined variable: destaque in [C:\Arquivos de programas\VertrigoServ\www\MaisRevistaCultura\app\views\editorias\ver.ctp, line 46]
2011-06-27 11:00:57 Debug: Notice (8): Undefined variable: destaque in [C:\Arquivos de programas\VertrigoServ\www\MaisRevistaCultura\app\views\editorias\ver.ctp, line 35]
2011-06-27 11:00:57 Debug: Notice (8): Undefined variable: destaque in [C:\Arquivos de programas\VertrigoServ\www\MaisRevistaCultura\app\views\editorias\ver.ctp, line 36]
2011-06-27 11:00:57 Debug: Notice (8): Undefined variable: destaque in [C:\Arquivos de programas\VertrigoServ\www\MaisRevistaCultura\app\views\editorias\ver.ctp, line 45]
2011-06-27 11:00:57 Debug: Notice (8): Undefined variable: destaque in [C:\Arquivos de programas\VertrigoServ\www\MaisRevistaCultura\app\views\editorias\ver.ctp, line 46]
2011-06-27 11:01:03 Debug: Notice (8): Undefined variable: destaque in [C:\Arquivos de programas\VertrigoServ\www\MaisRevistaCultura\app\views\editorias\ver.ctp, line 35]
2011-06-27 11:01:03 Debug: Notice (8): Undefined variable: destaque in [C:\Arquivos de programas\VertrigoServ\www\MaisRevistaCultura\app\views\editorias\ver.ctp, line 36]
2011-06-27 11:01:03 Debug: Notice (8): Undefined variable: destaque in [C:\Arquivos de programas\VertrigoServ\www\MaisRevistaCultura\app\views\editorias\ver.ctp, line 45]
2011-06-27 11:01:03 Debug: Notice (8): Undefined variable: destaque in [C:\Arquivos de programas\VertrigoServ\www\MaisRevistaCultura\app\views\editorias\ver.ctp, line 46]
2011-06-27 11:02:47 Debug: Notice (8): Undefined variable: destaque in [C:\Arquivos de programas\VertrigoServ\www\MaisRevistaCultura\app\views\editorias\ver.ctp, line 35]
2011-06-27 11:02:47 Debug: Notice (8): Undefined variable: destaque in [C:\Arquivos de programas\VertrigoServ\www\MaisRevistaCultura\app\views\editorias\ver.ctp, line 36]
2011-06-27 11:16:35 Debug: Notice (8): Undefined variable: destaque in [C:\Arquivos de programas\VertrigoServ\www\MaisRevistaCultura\app\views\editorias\ver.ctp, line 34]
2011-06-27 11:16:35 Debug: Notice (8): Undefined variable: destaque in [C:\Arquivos de programas\VertrigoServ\www\MaisRevistaCultura\app\views\editorias\ver.ctp, line 37]
2011-06-27 11:16:35 Debug: Notice (8): Undefined variable: destaque in [C:\Arquivos de programas\VertrigoServ\www\MaisRevistaCultura\app\views\editorias\ver.ctp, line 38]
2011-06-27 11:16:44 Debug: Notice (8): Undefined variable: destaque in [C:\Arquivos de programas\VertrigoServ\www\MaisRevistaCultura\app\views\editorias\ver.ctp, line 34]
2011-06-27 11:16:44 Debug: Notice (8): Undefined variable: destaque in [C:\Arquivos de programas\VertrigoServ\www\MaisRevistaCultura\app\views\editorias\ver.ctp, line 37]
2011-06-27 11:16:44 Debug: Notice (8): Undefined variable: destaque in [C:\Arquivos de programas\VertrigoServ\www\MaisRevistaCultura\app\views\editorias\ver.ctp, line 38]
2011-06-27 11:20:59 Debug: Notice (8): Undefined variable: mostrarMusica in [C:\Arquivos de programas\VertrigoServ\www\MaisRevistaCultura\app\views\editorias\ver.ctp, line 47]
2011-06-27 11:20:59 Debug: Notice (8): Undefined variable: mostrarMusica in [C:\Arquivos de programas\VertrigoServ\www\MaisRevistaCultura\app\views\editorias\ver.ctp, line 50]
2011-06-27 11:53:00 Debug: Notice (8): Undefined variable: a in [C:\Arquivos de programas\VertrigoServ\www\MaisRevistaCultura\app\views\editorias\ver.ctp, line 34]
2011-06-27 11:53:00 Debug: Notice (8): Undefined variable: a in [C:\Arquivos de programas\VertrigoServ\www\MaisRevistaCultura\app\views\editorias\ver.ctp, line 36]
2011-06-27 11:53:24 Debug: Notice (8): Undefined variable: a in [C:\Arquivos de programas\VertrigoServ\www\MaisRevistaCultura\app\views\editorias\ver.ctp, line 34]
2011-06-27 11:53:24 Debug: Notice (8): Undefined variable: a in [C:\Arquivos de programas\VertrigoServ\www\MaisRevistaCultura\app\views\editorias\ver.ctp, line 36]
2011-06-27 11:53:24 Debug: Notice (8): Undefined variable: a in [C:\Arquivos de programas\VertrigoServ\www\MaisRevistaCultura\app\views\editorias\ver.ctp, line 45]
2011-06-27 11:53:24 Debug: Notice (8): Undefined variable: a in [C:\Arquivos de programas\VertrigoServ\www\MaisRevistaCultura\app\views\editorias\ver.ctp, line 47]
2011-06-27 11:53:40 Debug: Notice (8): Undefined variable: a in [C:\Arquivos de programas\VertrigoServ\www\MaisRevistaCultura\app\views\editorias\ver.ctp, line 34]
2011-06-27 11:53:40 Debug: Notice (8): Undefined variable: a in [C:\Arquivos de programas\VertrigoServ\www\MaisRevistaCultura\app\views\editorias\ver.ctp, line 36]
2011-06-27 11:53:40 Debug: Notice (8): Undefined variable: a in [C:\Arquivos de programas\VertrigoServ\www\MaisRevistaCultura\app\views\editorias\ver.ctp, line 45]
2011-06-27 11:53:40 Debug: Notice (8): Undefined variable: a in [C:\Arquivos de programas\VertrigoServ\www\MaisRevistaCultura\app\views\editorias\ver.ctp, line 47]
2011-06-27 11:53:51 Debug: Notice (8): Undefined variable: a in [C:\Arquivos de programas\VertrigoServ\www\MaisRevistaCultura\app\views\editorias\ver.ctp, line 34]
2011-06-27 11:53:51 Debug: Notice (8): Undefined variable: a in [C:\Arquivos de programas\VertrigoServ\www\MaisRevistaCultura\app\views\editorias\ver.ctp, line 36]
2011-06-27 11:53:51 Debug: Notice (8): Undefined variable: a in [C:\Arquivos de programas\VertrigoServ\www\MaisRevistaCultura\app\views\editorias\ver.ctp, line 45]
2011-06-27 11:53:51 Debug: Notice (8): Undefined variable: a in [C:\Arquivos de programas\VertrigoServ\www\MaisRevistaCultura\app\views\editorias\ver.ctp, line 47]
2011-06-27 11:53:51 Debug: Notice (8): Undefined variable: a in [C:\Arquivos de programas\VertrigoServ\www\MaisRevistaCultura\app\views\editorias\ver.ctp, line 57]
2011-06-27 11:53:51 Debug: Notice (8): Undefined variable: a in [C:\Arquivos de programas\VertrigoServ\www\MaisRevistaCultura\app\views\editorias\ver.ctp, line 59]
2011-06-27 11:53:51 Debug: Notice (8): Undefined variable: a in [C:\Arquivos de programas\VertrigoServ\www\MaisRevistaCultura\app\views\editorias\ver.ctp, line 68]
2011-06-27 11:53:51 Debug: Notice (8): Undefined variable: a in [C:\Arquivos de programas\VertrigoServ\www\MaisRevistaCultura\app\views\editorias\ver.ctp, line 70]
2011-06-27 11:54:04 Debug: Notice (8): Undefined variable: a in [C:\Arquivos de programas\VertrigoServ\www\MaisRevistaCultura\app\views\editorias\ver.ctp, line 34]
2011-06-27 11:54:04 Debug: Notice (8): Undefined variable: a in [C:\Arquivos de programas\VertrigoServ\www\MaisRevistaCultura\app\views\editorias\ver.ctp, line 36]
2011-06-27 11:54:04 Debug: Notice (8): Undefined variable: a in [C:\Arquivos de programas\VertrigoServ\www\MaisRevistaCultura\app\views\editorias\ver.ctp, line 45]
2011-06-27 11:54:04 Debug: Notice (8): Undefined variable: a in [C:\Arquivos de programas\VertrigoServ\www\MaisRevistaCultura\app\views\editorias\ver.ctp, line 47]
2011-06-27 11:54:17 Debug: Notice (8): Undefined variable: a in [C:\Arquivos de programas\VertrigoServ\www\MaisRevistaCultura\app\views\editorias\ver.ctp, line 34]
2011-06-27 11:54:17 Debug: Notice (8): Undefined variable: a in [C:\Arquivos de programas\VertrigoServ\www\MaisRevistaCultura\app\views\editorias\ver.ctp, line 36]
2011-06-27 11:54:17 Debug: Notice (8): Undefined variable: a in [C:\Arquivos de programas\VertrigoServ\www\MaisRevistaCultura\app\views\editorias\ver.ctp, line 45]
2011-06-27 11:54:17 Debug: Notice (8): Undefined variable: a in [C:\Arquivos de programas\VertrigoServ\www\MaisRevistaCultura\app\views\editorias\ver.ctp, line 47]
2011-06-27 11:54:34 Debug: Notice (8): Undefined variable: a in [C:\Arquivos de programas\VertrigoServ\www\MaisRevistaCultura\app\views\editorias\ver.ctp, line 36]
2011-06-27 11:54:34 Debug: Notice (8): Undefined variable: a in [C:\Arquivos de programas\VertrigoServ\www\MaisRevistaCultura\app\views\editorias\ver.ctp, line 38]
2011-06-27 11:54:34 Debug: Notice (8): Undefined variable: a in [C:\Arquivos de programas\VertrigoServ\www\MaisRevistaCultura\app\views\editorias\ver.ctp, line 47]
2011-06-27 11:54:34 Debug: Notice (8): Undefined variable: a in [C:\Arquivos de programas\VertrigoServ\www\MaisRevistaCultura\app\views\editorias\ver.ctp, line 49]
2011-06-27 11:54:45 Debug: Notice (8): Undefined variable: a in [C:\Arquivos de programas\VertrigoServ\www\MaisRevistaCultura\app\views\editorias\ver.ctp, line 36]
2011-06-27 11:54:45 Debug: Notice (8): Undefined variable: a in [C:\Arquivos de programas\VertrigoServ\www\MaisRevistaCultura\app\views\editorias\ver.ctp, line 38]
2011-06-27 11:54:45 Debug: Notice (8): Undefined variable: a in [C:\Arquivos de programas\VertrigoServ\www\MaisRevistaCultura\app\views\editorias\ver.ctp, line 47]
2011-06-27 11:54:45 Debug: Notice (8): Undefined variable: a in [C:\Arquivos de programas\VertrigoServ\www\MaisRevistaCultura\app\views\editorias\ver.ctp, line 49]
2011-06-27 11:54:45 Debug: Notice (8): Undefined variable: a in [C:\Arquivos de programas\VertrigoServ\www\MaisRevistaCultura\app\views\editorias\ver.ctp, line 59]
2011-06-27 11:54:45 Debug: Notice (8): Undefined variable: a in [C:\Arquivos de programas\VertrigoServ\www\MaisRevistaCultura\app\views\editorias\ver.ctp, line 61]
2011-06-27 11:54:45 Debug: Notice (8): Undefined variable: a in [C:\Arquivos de programas\VertrigoServ\www\MaisRevistaCultura\app\views\editorias\ver.ctp, line 70]
2011-06-27 11:54:45 Debug: Notice (8): Undefined variable: a in [C:\Arquivos de programas\VertrigoServ\www\MaisRevistaCultura\app\views\editorias\ver.ctp, line 72]
2011-06-27 11:55:01 Debug: Notice (8): Undefined variable: a in [C:\Arquivos de programas\VertrigoServ\www\MaisRevistaCultura\app\views\editorias\ver.ctp, line 36]
2011-06-27 11:55:01 Debug: Notice (8): Undefined variable: a in [C:\Arquivos de programas\VertrigoServ\www\MaisRevistaCultura\app\views\editorias\ver.ctp, line 38]
2011-06-27 11:55:01 Debug: Notice (8): Undefined variable: a in [C:\Arquivos de programas\VertrigoServ\www\MaisRevistaCultura\app\views\editorias\ver.ctp, line 47]
2011-06-27 11:55:01 Debug: Notice (8): Undefined variable: a in [C:\Arquivos de programas\VertrigoServ\www\MaisRevistaCultura\app\views\editorias\ver.ctp, line 49]
2011-06-28 09:55:35 Debug: Notice (8): Undefined offset:  0 in [C:\Arquivos de programas\VertrigoServ\www\MaisRevistaCultura\app\views\pages\home.ctp, line 132]
2011-06-28 09:55:35 Debug: Notice (8): Undefined offset:  0 in [C:\Arquivos de programas\VertrigoServ\www\MaisRevistaCultura\app\views\pages\home.ctp, line 143]
2011-06-28 09:55:35 Debug: Notice (8): Undefined offset:  0 in [C:\Arquivos de programas\VertrigoServ\www\MaisRevistaCultura\app\views\pages\home.ctp, line 144]
2011-06-28 09:59:47 Debug: Notice (8): Undefined index:  Colunista in [C:\Arquivos de programas\VertrigoServ\www\MaisRevistaCultura\app\views\artigos\ver.ctp, line 9]
2011-06-28 09:59:52 Debug: Notice (8): Undefined index:  Colunista in [C:\Arquivos de programas\VertrigoServ\www\MaisRevistaCultura\app\views\artigos\ver.ctp, line 9]
2011-06-28 09:59:54 Debug: Notice (8): Undefined index:  Colunista in [C:\Arquivos de programas\VertrigoServ\www\MaisRevistaCultura\app\views\artigos\ver.ctp, line 9]
2011-06-28 09:59:56 Debug: Notice (8): Undefined index:  Colunista in [C:\Arquivos de programas\VertrigoServ\www\MaisRevistaCultura\app\views\artigos\ver.ctp, line 9]
2011-06-28 09:59:59 Debug: Notice (8): Undefined index:  Colunista in [C:\Arquivos de programas\VertrigoServ\www\MaisRevistaCultura\app\views\artigos\ver.ctp, line 9]
2011-06-28 10:00:01 Debug: Notice (8): Undefined index:  Colunista in [C:\Arquivos de programas\VertrigoServ\www\MaisRevistaCultura\app\views\artigos\ver.ctp, line 10]
2011-06-28 10:00:06 Debug: Notice (8): Undefined index:  Colunista in [C:\Arquivos de programas\VertrigoServ\www\MaisRevistaCultura\app\views\artigos\ver.ctp, line 10]
2011-06-28 10:00:12 Debug: Notice (8): Undefined index:  Colunista in [C:\Arquivos de programas\VertrigoServ\www\MaisRevistaCultura\app\views\artigos\ver.ctp, line 10]
2011-06-28 10:00:14 Debug: Notice (8): Undefined index:  Colunista in [C:\Arquivos de programas\VertrigoServ\www\MaisRevistaCultura\app\views\artigos\ver.ctp, line 10]
2011-06-28 10:00:16 Debug: Notice (8): Undefined index:  Colunista in [C:\Arquivos de programas\VertrigoServ\www\MaisRevistaCultura\app\views\artigos\ver.ctp, line 10]
2011-06-28 10:00:18 Debug: Notice (8): Undefined index:  Colunista in [C:\Arquivos de programas\VertrigoServ\www\MaisRevistaCultura\app\views\artigos\ver.ctp, line 10]
2011-06-28 10:00:21 Debug: Notice (8): Undefined index:  Colunista in [C:\Arquivos de programas\VertrigoServ\www\MaisRevistaCultura\app\views\artigos\ver.ctp, line 10]
2011-06-28 10:02:10 Debug: Notice (8): Undefined index:  nome in [C:\Arquivos de programas\VertrigoServ\www\MaisRevistaCultura\app\views\artigos\ver.ctp, line 9]
2011-06-28 10:02:12 Debug: Notice (8): Undefined index:  nome in [C:\Arquivos de programas\VertrigoServ\www\MaisRevistaCultura\app\views\artigos\ver.ctp, line 9]
2011-06-28 10:02:14 Debug: Notice (8): Undefined index:  nome in [C:\Arquivos de programas\VertrigoServ\www\MaisRevistaCultura\app\views\artigos\ver.ctp, line 9]
2011-06-28 10:02:15 Debug: Notice (8): Undefined index:  nome in [C:\Arquivos de programas\VertrigoServ\www\MaisRevistaCultura\app\views\artigos\ver.ctp, line 9]
2011-06-28 10:02:17 Debug: Notice (8): Undefined index:  nome in [C:\Arquivos de programas\VertrigoServ\www\MaisRevistaCultura\app\views\artigos\ver.ctp, line 9]
2011-06-28 10:02:18 Debug: Notice (8): Undefined index:  nome in [C:\Arquivos de programas\VertrigoServ\www\MaisRevistaCultura\app\views\artigos\ver.ctp, line 9]
2011-06-28 10:20:26 Debug: Notice (8): Undefined offset:  0 in [C:\Arquivos de programas\VertrigoServ\www\MaisRevistaCultura\app\views\pages\home.ctp, line 132]
2011-06-28 10:20:26 Debug: Notice (8): Undefined offset:  0 in [C:\Arquivos de programas\VertrigoServ\www\MaisRevistaCultura\app\views\pages\home.ctp, line 143]
2011-06-28 10:20:26 Debug: Notice (8): Undefined offset:  0 in [C:\Arquivos de programas\VertrigoServ\www\MaisRevistaCultura\app\views\pages\home.ctp, line 144]
2011-06-28 10:27:16 Debug: Notice (8): Undefined offset:  0 in [C:\Arquivos de programas\VertrigoServ\www\MaisRevistaCultura\app\views\pages\home.ctp, line 132]
2011-06-28 10:27:16 Debug: Notice (8): Undefined offset:  0 in [C:\Arquivos de programas\VertrigoServ\www\MaisRevistaCultura\app\views\pages\home.ctp, line 143]
2011-06-28 10:27:16 Debug: Notice (8): Undefined offset:  0 in [C:\Arquivos de programas\VertrigoServ\www\MaisRevistaCultura\app\views\pages\home.ctp, line 144]
2011-06-28 10:27:56 Debug: Notice (8): Undefined offset:  0 in [C:\Arquivos de programas\VertrigoServ\www\MaisRevistaCultura\app\views\pages\home.ctp, line 132]
2011-06-28 10:27:56 Debug: Notice (8): Undefined offset:  0 in [C:\Arquivos de programas\VertrigoServ\www\MaisRevistaCultura\app\views\pages\home.ctp, line 143]
2011-06-28 10:27:56 Debug: Notice (8): Undefined offset:  0 in [C:\Arquivos de programas\VertrigoServ\www\MaisRevistaCultura\app\views\pages\home.ctp, line 144]
2011-06-28 10:29:36 Debug: Notice (8): Undefined offset:  0 in [C:\Arquivos de programas\VertrigoServ\www\MaisRevistaCultura\app\views\pages\home.ctp, line 132]
2011-06-28 10:29:36 Debug: Notice (8): Undefined offset:  0 in [C:\Arquivos de programas\VertrigoServ\www\MaisRevistaCultura\app\views\pages\home.ctp, line 143]
2011-06-28 10:29:36 Debug: Notice (8): Undefined offset:  0 in [C:\Arquivos de programas\VertrigoServ\www\MaisRevistaCultura\app\views\pages\home.ctp, line 144]
2011-06-28 10:30:09 Debug: Notice (8): Undefined offset:  0 in [C:\Arquivos de programas\VertrigoServ\www\MaisRevistaCultura\app\views\pages\home.ctp, line 132]
2011-06-28 10:30:09 Debug: Notice (8): Undefined offset:  0 in [C:\Arquivos de programas\VertrigoServ\www\MaisRevistaCultura\app\views\pages\home.ctp, line 143]
2011-06-28 10:30:09 Debug: Notice (8): Undefined offset:  0 in [C:\Arquivos de programas\VertrigoServ\www\MaisRevistaCultura\app\views\pages\home.ctp, line 144]
2011-06-28 10:31:18 Debug: Notice (8): Undefined offset:  0 in [C:\Arquivos de programas\VertrigoServ\www\MaisRevistaCultura\app\views\pages\home.ctp, line 133]
2011-06-28 10:31:18 Debug: Notice (8): Undefined offset:  0 in [C:\Arquivos de programas\VertrigoServ\www\MaisRevistaCultura\app\views\pages\home.ctp, line 144]
2011-06-28 10:31:18 Debug: Notice (8): Undefined offset:  0 in [C:\Arquivos de programas\VertrigoServ\www\MaisRevistaCultura\app\views\pages\home.ctp, line 145]
2011-06-28 15:26:57 Debug: Notice (8): Undefined index:  Artigo in [C:\Arquivos de programas\VertrigoServ\www\MaisRevistaCultura\app\views\pages\home.ctp, line 42]
2011-06-28 15:27:24 Debug: Notice (8): Undefined index:  Artigo in [C:\Arquivos de programas\VertrigoServ\www\MaisRevistaCultura\app\views\pages\home.ctp, line 42]
2011-06-28 16:51:09 Debug: Notice (8): Undefined index:  Artigo in [C:\Arquivos de programas\VertrigoServ\www\MaisRevistaCultura\app\views\pages\home.ctp, line 194]
2011-06-28 16:51:23 Debug: Notice (8): Undefined index:  Artigo in [C:\Arquivos de programas\VertrigoServ\www\MaisRevistaCultura\app\views\pages\home.ctp, line 194]
2011-06-28 16:51:43 Debug: Notice (8): Undefined index:  Artigo in [C:\Arquivos de programas\VertrigoServ\www\MaisRevistaCultura\app\views\pages\home.ctp, line 194]
2011-06-28 16:52:07 Debug: Notice (8): Undefined index:  Artigo in [C:\Arquivos de programas\VertrigoServ\www\MaisRevistaCultura\app\views\pages\home.ctp, line 194]
2011-06-28 16:54:03 Debug: Notice (8): Undefined index:  id in [C:\Arquivos de programas\VertrigoServ\www\MaisRevistaCultura\app\views\pages\home.ctp, line 188]
2011-06-28 16:54:03 Debug: Notice (8): Undefined index:  foto in [C:\Arquivos de programas\VertrigoServ\www\MaisRevistaCultura\app\views\pages\home.ctp, line 188]
2011-06-28 16:54:10 Debug: Notice (8): Undefined index:  id in [C:\Arquivos de programas\VertrigoServ\www\MaisRevistaCultura\app\views\pages\home.ctp, line 188]
2011-06-28 16:54:10 Debug: Notice (8): Undefined index:  foto in [C:\Arquivos de programas\VertrigoServ\www\MaisRevistaCultura\app\views\pages\home.ctp, line 188]
