2011-06-20 09:40:35 Warning: Warning (512): <span style="color:Red;text-align:left"><b>SQL Error:</b> 1054: Unknown column 'Artigos.site' in 'where clause'</span> in [C:\Arquivos de programas\VertrigoServ\www\MaisRevistaCultura\cake\libs\model\datasources\dbo_source.php, line 684]
2011-06-20 09:40:57 Warning: Warning (512): <span style="color:Red;text-align:left"><b>SQL Error:</b> 1054: Unknown column 'Artigos.site' in 'where clause'</span> in [C:\Arquivos de programas\VertrigoServ\www\MaisRevistaCultura\cake\libs\model\datasources\dbo_source.php, line 684]
2011-06-20 16:47:04 Warning: Warning (512): <span style="color:Red;text-align:left"><b>SQL Error:</b> 1064: You have an error in your SQL syntax; check the manual that corresponds to your MySQL server version for the right syntax to use near 'Array' at line 1</span> in [C:\Arquivos de programas\VertrigoServ\www\MaisRevistaCultura\cake\libs\model\datasources\dbo_source.php, line 684]
2011-06-20 16:47:04 Warning: Warning (2): Invalid argument supplied for foreach() in [C:\Arquivos de programas\VertrigoServ\www\MaisRevistaCultura\app\views\pages\home.ctp, line 71]
<<<<<<< HEAD
2011-06-21 09:56:22 Warning: Warning (2): mysql_connect() [<a href='http://php.net/function.mysql-connect'>function.mysql-connect</a>]: Can't connect to MySQL server on 'mysql05.editorcriacao.com.br' (10060) in [C:\Documents and Settings\Amanda\Desktop\VertrigoServ\www\MaisRevistaCultura\cake\libs\model\datasources\dbo\dbo_mysql.php, line 552]
2011-06-21 09:56:22 Warning: Warning (2): mysql_select_db(): supplied argument is not a valid MySQL-Link resource in [C:\Documents and Settings\Amanda\Desktop\VertrigoServ\www\MaisRevistaCultura\cake\libs\model\datasources\dbo\dbo_mysql.php, line 558]
2011-06-21 09:56:22 Warning: Warning (2): mysql_query(): supplied argument is not a valid MySQL-Link resource in [C:\Documents and Settings\Amanda\Desktop\VertrigoServ\www\MaisRevistaCultura\cake\libs\model\datasources\dbo\dbo_mysql.php, line 600]
2011-06-21 09:56:22 Warning: Warning (2): mysql_get_server_info(): supplied argument is not a valid MySQL-Link resource in [C:\Documents and Settings\Amanda\Desktop\VertrigoServ\www\MaisRevistaCultura\cake\libs\model\datasources\dbo\dbo_mysql.php, line 566]
2011-06-21 09:56:22 Warning: Warning (2): mysql_errno(): supplied argument is not a valid MySQL-Link resource in [C:\Documents and Settings\Amanda\Desktop\VertrigoServ\www\MaisRevistaCultura\cake\libs\model\datasources\dbo\dbo_mysql.php, line 682]
2011-06-21 09:56:22 Warning: Warning (2): Invalid argument supplied for foreach() in [C:\Documents and Settings\Amanda\Desktop\VertrigoServ\www\MaisRevistaCultura\cake\libs\model\datasources\dbo\dbo_mysql.php, line 127]
2011-06-21 09:56:22 Warning: Warning (2): Invalid argument supplied for foreach() in [C:\Documents and Settings\Amanda\Desktop\VertrigoServ\www\MaisRevistaCultura\cake\libs\view\helpers\form.php, line 114]
2011-06-21 10:04:41 Warning: Warning (2): mysql_connect() [<a href='http://php.net/function.mysql-connect'>function.mysql-connect</a>]: Lost connection to MySQL server at 'reading authorization packet', system error: 0 in [C:\Documents and Settings\Amanda\Desktop\VertrigoServ\www\MaisRevistaCultura\cake\libs\model\datasources\dbo\dbo_mysql.php, line 552]
2011-06-21 10:04:41 Warning: Warning (2): mysql_select_db(): supplied argument is not a valid MySQL-Link resource in [C:\Documents and Settings\Amanda\Desktop\VertrigoServ\www\MaisRevistaCultura\cake\libs\model\datasources\dbo\dbo_mysql.php, line 558]
2011-06-21 10:04:41 Warning: Warning (2): mysql_query(): supplied argument is not a valid MySQL-Link resource in [C:\Documents and Settings\Amanda\Desktop\VertrigoServ\www\MaisRevistaCultura\cake\libs\model\datasources\dbo\dbo_mysql.php, line 600]
2011-06-21 10:04:41 Warning: Warning (2): mysql_get_server_info(): supplied argument is not a valid MySQL-Link resource in [C:\Documents and Settings\Amanda\Desktop\VertrigoServ\www\MaisRevistaCultura\cake\libs\model\datasources\dbo\dbo_mysql.php, line 566]
2011-06-21 10:04:42 Warning: Warning (2): mysql_errno(): supplied argument is not a valid MySQL-Link resource in [C:\Documents and Settings\Amanda\Desktop\VertrigoServ\www\MaisRevistaCultura\cake\libs\model\datasources\dbo\dbo_mysql.php, line 682]
2011-06-21 10:04:42 Warning: Warning (2): Invalid argument supplied for foreach() in [C:\Documents and Settings\Amanda\Desktop\VertrigoServ\www\MaisRevistaCultura\cake\libs\model\datasources\dbo\dbo_mysql.php, line 127]
2011-06-21 10:04:42 Warning: Warning (2): Invalid argument supplied for foreach() in [C:\Documents and Settings\Amanda\Desktop\VertrigoServ\www\MaisRevistaCultura\cake\libs\view\helpers\form.php, line 114]
2011-06-21 11:46:21 Warning: Warning (512): <span style="color:Red;text-align:left"><b>SQL Error:</b> 2013: Lost connection to MySQL server during query</span> in [C:\Documents and Settings\Amanda\Desktop\VertrigoServ\www\MaisRevistaCultura\cake\libs\model\datasources\dbo_source.php, line 684]
2011-06-21 11:46:21 Warning: Warning (2): Invalid argument supplied for foreach() in [C:\Documents and Settings\Amanda\Desktop\VertrigoServ\www\MaisRevistaCultura\cake\libs\model\datasources\dbo\dbo_mysql.php, line 127]
2011-06-21 11:46:21 Warning: Warning (512): <span style="color:Red;text-align:left"><b>SQL Error:</b> 2006: MySQL server has gone away</span> in [C:\Documents and Settings\Amanda\Desktop\VertrigoServ\www\MaisRevistaCultura\cake\libs\model\datasources\dbo_source.php, line 684]
2011-06-21 11:46:21 Warning: Warning (2): array_keys() [<a href='http://php.net/function.array-keys'>function.array-keys</a>]: The first argument should be an array in [C:\Documents and Settings\Amanda\Desktop\VertrigoServ\www\MaisRevistaCultura\cake\libs\model\datasources\dbo_source.php, line 1953]
2011-06-21 11:46:21 Warning: Warning (2): array_keys() [<a href='http://php.net/function.array-keys'>function.array-keys</a>]: The first argument should be an array in [C:\Documents and Settings\Amanda\Desktop\VertrigoServ\www\MaisRevistaCultura\cake\libs\model\datasources\dbo_source.php, line 1966]
2011-06-21 11:46:21 Warning: Warning (2): array_filter() [<a href='http://php.net/function.array-filter'>function.array-filter</a>]: The first argument should be an array in [C:\Documents and Settings\Amanda\Desktop\VertrigoServ\www\MaisRevistaCultura\cake\libs\model\datasources\dbo_source.php, line 1970]
2011-06-21 11:46:21 Warning: Warning (2): array_values() [<a href='http://php.net/function.array-values'>function.array-values</a>]: The argument should be an array in [C:\Documents and Settings\Amanda\Desktop\VertrigoServ\www\MaisRevistaCultura\cake\libs\model\datasources\dbo_source.php, line 1970]
2011-06-21 11:46:21 Warning: Warning (2): array_unique() [<a href='http://php.net/function.array-unique'>function.array-unique</a>]: The argument should be an array in [C:\Documents and Settings\Amanda\Desktop\VertrigoServ\www\MaisRevistaCultura\cake\libs\model\datasources\dbo_source.php, line 2052]
2011-06-21 11:46:22 Warning: Warning (2): array_merge() [<a href='http://php.net/function.array-merge'>function.array-merge</a>]: Argument #2 is not an array in [C:\Documents and Settings\Amanda\Desktop\VertrigoServ\www\MaisRevistaCultura\cake\libs\model\datasources\dbo_source.php, line 1305]
2011-06-21 11:46:22 Warning: Warning (2): Invalid argument supplied for foreach() in [C:\Documents and Settings\Amanda\Desktop\VertrigoServ\www\MaisRevistaCultura\app\views\pages\home.ctp, line 41]
2011-06-21 11:46:22 Warning: Warning (2): Invalid argument supplied for foreach() in [C:\Documents and Settings\Amanda\Desktop\VertrigoServ\www\MaisRevistaCultura\app\views\pages\home.ctp, line 71]
2011-06-21 11:46:22 Warning: Warning (2): Invalid argument supplied for foreach() in [C:\Documents and Settings\Amanda\Desktop\VertrigoServ\www\MaisRevistaCultura\app\views\pages\home.ctp, line 105]
2011-06-21 12:37:06 Warning: Warning (2): mysql_connect() [<a href='http://php.net/function.mysql-connect'>function.mysql-connect</a>]: Lost connection to MySQL server at 'reading authorization packet', system error: 0 in [C:\Documents and Settings\Amanda\Desktop\VertrigoServ\www\MaisRevistaCultura\cake\libs\model\datasources\dbo\dbo_mysql.php, line 552]
2011-06-21 12:37:06 Warning: Warning (2): mysql_select_db(): supplied argument is not a valid MySQL-Link resource in [C:\Documents and Settings\Amanda\Desktop\VertrigoServ\www\MaisRevistaCultura\cake\libs\model\datasources\dbo\dbo_mysql.php, line 558]
2011-06-21 12:37:06 Warning: Warning (2): mysql_query(): supplied argument is not a valid MySQL-Link resource in [C:\Documents and Settings\Amanda\Desktop\VertrigoServ\www\MaisRevistaCultura\cake\libs\model\datasources\dbo\dbo_mysql.php, line 600]
2011-06-21 12:37:06 Warning: Warning (2): mysql_get_server_info(): supplied argument is not a valid MySQL-Link resource in [C:\Documents and Settings\Amanda\Desktop\VertrigoServ\www\MaisRevistaCultura\cake\libs\model\datasources\dbo\dbo_mysql.php, line 566]
2011-06-21 12:37:06 Warning: Warning (2): mysql_errno(): supplied argument is not a valid MySQL-Link resource in [C:\Documents and Settings\Amanda\Desktop\VertrigoServ\www\MaisRevistaCultura\cake\libs\model\datasources\dbo\dbo_mysql.php, line 682]
2011-06-21 12:37:06 Warning: Warning (2): Invalid argument supplied for foreach() in [C:\Documents and Settings\Amanda\Desktop\VertrigoServ\www\MaisRevistaCultura\cake\libs\model\datasources\dbo\dbo_mysql.php, line 127]
2011-06-21 12:37:06 Warning: Warning (2): Invalid argument supplied for foreach() in [C:\Documents and Settings\Amanda\Desktop\VertrigoServ\www\MaisRevistaCultura\cake\libs\view\helpers\form.php, line 114]
=======
2011-06-21 10:38:31 Warning: Warning (512): <span style="color:Red;text-align:left"><b>SQL Error:</b> 1064: You have an error in your SQL syntax; check the manual that corresponds to your MySQL server version for the right syntax to use near 'Array' at line 1</span> in [C:\Arquivos de programas\VertrigoServ\www\MaisRevistaCultura\cake\libs\model\datasources\dbo_source.php, line 684]
2011-06-21 10:38:31 Warning: Warning (2): Invalid argument supplied for foreach() in [C:\Arquivos de programas\VertrigoServ\www\MaisRevistaCultura\app\views\pages\home.ctp, line 71]
2011-06-21 10:38:37 Warning: Warning (2): Invalid argument supplied for foreach() in [C:\Arquivos de programas\VertrigoServ\www\MaisRevistaCultura\app\views\pages\home.ctp, line 142]
2011-06-21 10:38:53 Warning: Warning (512): <span style="color:Red;text-align:left"><b>SQL Error:</b> 1064: You have an error in your SQL syntax; check the manual that corresponds to your MySQL server version for the right syntax to use near 'Array' at line 1</span> in [C:\Arquivos de programas\VertrigoServ\www\MaisRevistaCultura\cake\libs\model\datasources\dbo_source.php, line 684]
2011-06-21 10:38:53 Warning: Warning (2): Invalid argument supplied for foreach() in [C:\Arquivos de programas\VertrigoServ\www\MaisRevistaCultura\app\views\pages\home.ctp, line 71]
2011-06-21 10:38:57 Warning: Warning (2): Invalid argument supplied for foreach() in [C:\Arquivos de programas\VertrigoServ\www\MaisRevistaCultura\app\views\pages\home.ctp, line 142]
2011-06-21 12:57:06 Warning: Warning (2): mysql_connect() [<a href='http://php.net/function.mysql-connect'>function.mysql-connect</a>]: Unknown MySQL server host 'mysql05.editorcriacao.com.br' (11004) in [C:\Arquivos de programas\VertrigoServ\www\MaisRevistaCultura\cake\libs\model\datasources\dbo\dbo_mysql.php, line 561]
2011-06-21 12:57:06 Warning: Warning (2): mysql_select_db(): supplied argument is not a valid MySQL-Link resource in [C:\Arquivos de programas\VertrigoServ\www\MaisRevistaCultura\cake\libs\model\datasources\dbo\dbo_mysql.php, line 567]
2011-06-21 12:57:06 Warning: Warning (2): mysql_query(): supplied argument is not a valid MySQL-Link resource in [C:\Arquivos de programas\VertrigoServ\www\MaisRevistaCultura\cake\libs\model\datasources\dbo\dbo_mysql.php, line 609]
2011-06-21 12:57:06 Warning: Warning (2): mysql_get_server_info(): supplied argument is not a valid MySQL-Link resource in [C:\Arquivos de programas\VertrigoServ\www\MaisRevistaCultura\cake\libs\model\datasources\dbo\dbo_mysql.php, line 575]
2011-06-21 12:57:06 Warning: Warning (2): mysql_errno(): supplied argument is not a valid MySQL-Link resource in [C:\Arquivos de programas\VertrigoServ\www\MaisRevistaCultura\cake\libs\model\datasources\dbo\dbo_mysql.php, line 691]
2011-06-21 12:57:06 Warning: Warning (2): Invalid argument supplied for foreach() in [C:\Arquivos de programas\VertrigoServ\www\MaisRevistaCultura\cake\libs\model\datasources\dbo\dbo_mysql.php, line 127]
2011-06-21 12:57:06 Warning: Warning (2): Invalid argument supplied for foreach() in [C:\Arquivos de programas\VertrigoServ\www\MaisRevistaCultura\cake\libs\view\helpers\form.php, line 114]
2011-06-21 15:44:08 Warning: Warning (2): Invalid argument supplied for foreach() in [C:\Arquivos de programas\VertrigoServ\www\MaisRevistaCultura\app\views\layouts\default.ctp, line 125]
2011-06-21 15:45:34 Warning: Warning (2): Invalid argument supplied for foreach() in [C:\Arquivos de programas\VertrigoServ\www\MaisRevistaCultura\app\views\layouts\default.ctp, line 125]
2011-06-21 15:46:24 Warning: Warning (2): Invalid argument supplied for foreach() in [C:\Arquivos de programas\VertrigoServ\www\MaisRevistaCultura\app\views\layouts\default.ctp, line 125]
2011-06-21 16:39:27 Warning: Warning (512): <span style="color:Red;text-align:left"><b>SQL Error:</b> 1064: You have an error in your SQL syntax; check the manual that corresponds to your MySQL server version for the right syntax to use near '.titulo, Artigo.subTitulo, Artigo.foto
                                         ' at line 1</span> in [C:\Arquivos de programas\VertrigoServ\www\MaisRevistaCultura\cake\libs\model\datasources\dbo_source.php, line 684]
>>>>>>> 4f7dc5332f5b43df639aa845cf8f7737d62629ba
2011-06-22 09:38:30 Warning: Warning (2): mysql_connect() [<a href='http://php.net/function.mysql-connect'>function.mysql-connect</a>]: Lost connection to MySQL server at 'reading authorization packet', system error: 0 in [C:\Documents and Settings\Amanda\Desktop\VertrigoServ\www\MaisRevistaCultura\cake\libs\model\datasources\dbo\dbo_mysql.php, line 552]
2011-06-22 09:38:30 Warning: Warning (2): mysql_select_db(): supplied argument is not a valid MySQL-Link resource in [C:\Documents and Settings\Amanda\Desktop\VertrigoServ\www\MaisRevistaCultura\cake\libs\model\datasources\dbo\dbo_mysql.php, line 558]
2011-06-22 09:38:30 Warning: Warning (2): mysql_query(): supplied argument is not a valid MySQL-Link resource in [C:\Documents and Settings\Amanda\Desktop\VertrigoServ\www\MaisRevistaCultura\cake\libs\model\datasources\dbo\dbo_mysql.php, line 600]
2011-06-22 09:38:30 Warning: Warning (2): mysql_get_server_info(): supplied argument is not a valid MySQL-Link resource in [C:\Documents and Settings\Amanda\Desktop\VertrigoServ\www\MaisRevistaCultura\cake\libs\model\datasources\dbo\dbo_mysql.php, line 566]
2011-06-22 09:38:31 Warning: Warning (2): mysql_errno(): supplied argument is not a valid MySQL-Link resource in [C:\Documents and Settings\Amanda\Desktop\VertrigoServ\www\MaisRevistaCultura\cake\libs\model\datasources\dbo\dbo_mysql.php, line 682]
2011-06-22 09:38:31 Warning: Warning (2): Invalid argument supplied for foreach() in [C:\Documents and Settings\Amanda\Desktop\VertrigoServ\www\MaisRevistaCultura\cake\libs\model\datasources\dbo\dbo_mysql.php, line 127]
2011-06-22 09:38:31 Warning: Warning (2): Invalid argument supplied for foreach() in [C:\Documents and Settings\Amanda\Desktop\VertrigoServ\www\MaisRevistaCultura\cake\libs\view\helpers\form.php, line 114]
2011-06-22 09:38:31 Warning: Warning (2): Invalid argument supplied for foreach() in [C:\Documents and Settings\Amanda\Desktop\VertrigoServ\www\MaisRevistaCultura\app\views\layouts\default.ctp, line 125]
2011-06-22 09:54:17 Warning: Warning (512): <span style="color:Red;text-align:left"><b>SQL Error:</b> 2006: MySQL server has gone away</span> in [C:\Documents and Settings\Amanda\Desktop\VertrigoServ\www\MaisRevistaCultura\cake\libs\model\datasources\dbo_source.php, line 684]
2011-06-22 09:54:17 Warning: Warning (2): Invalid argument supplied for foreach() in [C:\Documents and Settings\Amanda\Desktop\VertrigoServ\www\MaisRevistaCultura\app\views\pages\home.ctp, line 41]
2011-06-22 09:54:17 Warning: Warning (2): Invalid argument supplied for foreach() in [C:\Documents and Settings\Amanda\Desktop\VertrigoServ\www\MaisRevistaCultura\app\views\pages\home.ctp, line 71]
2011-06-22 09:54:17 Warning: Warning (2): Invalid argument supplied for foreach() in [C:\Documents and Settings\Amanda\Desktop\VertrigoServ\www\MaisRevistaCultura\app\views\pages\home.ctp, line 105]
2011-06-22 09:54:17 Warning: Warning (2): Invalid argument supplied for foreach() in [C:\Documents and Settings\Amanda\Desktop\VertrigoServ\www\MaisRevistaCultura\app\views\pages\home.ctp, line 148]
2011-06-22 09:54:17 Warning: Warning (2): Invalid argument supplied for foreach() in [C:\Documents and Settings\Amanda\Desktop\VertrigoServ\www\MaisRevistaCultura\app\views\pages\home.ctp, line 173]
